<?xml version="1.0" encoding="UTF-8"?>
<!-- Generated by org.testng.reporters.JUnitReportReporter -->
<testsuite hostname="IlonaPC" name="com.softserveinc.edu.ita.tasks.Weather" tests="1" failures="0" timestamp="11 Jun 2015 00:12:09 GMT" time="71.440" errors="0">
  <testcase name="firstTest" time="71.440" classname="com.softserveinc.edu.ita.tasks.Weather"/>
</testsuite> <!-- com.softserveinc.edu.ita.tasks.Weather -->
